[2024-09-30T09:25:35.784+0000] {taskinstance.py:1083} INFO - Dependencies all met for <TaskInstance: music_recommendation_system.load_and_preprocess_data scheduled__2024-09-30T09:24:34.194484+00:00 [queued]>
[2024-09-30T09:25:35.794+0000] {taskinstance.py:1083} INFO - Dependencies all met for <TaskInstance: music_recommendation_system.load_and_preprocess_data scheduled__2024-09-30T09:24:34.194484+00:00 [queued]>
[2024-09-30T09:25:35.795+0000] {taskinstance.py:1279} INFO - 
--------------------------------------------------------------------------------
[2024-09-30T09:25:35.796+0000] {taskinstance.py:1280} INFO - Starting attempt 1 of 2
[2024-09-30T09:25:35.797+0000] {taskinstance.py:1281} INFO - 
--------------------------------------------------------------------------------
[2024-09-30T09:25:35.814+0000] {taskinstance.py:1300} INFO - Executing <Task(PythonOperator): load_and_preprocess_data> on 2024-09-30 09:24:34.194484+00:00
[2024-09-30T09:25:35.823+0000] {standard_task_runner.py:55} INFO - Started process 926 to run task
[2024-09-30T09:25:35.826+0000] {standard_task_runner.py:82} INFO - Running: ['***', 'tasks', 'run', 'music_recommendation_system', 'load_and_preprocess_data', 'scheduled__2024-09-30T09:24:34.194484+00:00', '--job-id', '35', '--raw', '--subdir', 'DAGS_FOLDER/music_recommendation_retraining.py', '--cfg-path', '/tmp/tmpzfmzz5zb']
[2024-09-30T09:25:35.827+0000] {standard_task_runner.py:83} INFO - Job 35: Subtask load_and_preprocess_data
[2024-09-30T09:25:35.845+0000] {logging_mixin.py:137} WARNING - /home/***/.local/lib/python3.7/site-packages/***/settings.py:249 DeprecationWarning: The sql_alchemy_conn option in [core] has been moved to the sql_alchemy_conn option in [database] - the old setting has been used, but please update your config.
[2024-09-30T09:25:35.866+0000] {logging_mixin.py:137} WARNING - /home/***/.local/lib/python3.7/site-packages/***/utils/sqlalchemy.py:124 DeprecationWarning: The sql_alchemy_conn option in [core] has been moved to the sql_alchemy_conn option in [database] - the old setting has been used, but please update your config.
[2024-09-30T09:25:35.895+0000] {task_command.py:388} INFO - Running <TaskInstance: music_recommendation_system.load_and_preprocess_data scheduled__2024-09-30T09:24:34.194484+00:00 [running]> on host 1adfe0f4f205
[2024-09-30T09:25:35.966+0000] {taskinstance.py:1509} INFO - Exporting the following env vars:
AIRFLOW_CTX_DAG_OWNER=***
AIRFLOW_CTX_DAG_ID=music_recommendation_system
AIRFLOW_CTX_TASK_ID=load_and_preprocess_data
AIRFLOW_CTX_EXECUTION_DATE=2024-09-30T09:24:34.194484+00:00
AIRFLOW_CTX_TRY_NUMBER=1
AIRFLOW_CTX_DAG_RUN_ID=scheduled__2024-09-30T09:24:34.194484+00:00
[2024-09-30T09:25:36.038+0000] {taskinstance.py:1768} ERROR - Task failed with exception
Traceback (most recent call last):
  File "/home/airflow/.local/lib/python3.7/site-packages/airflow/operators/python.py", line 175, in execute
    return_value = self.execute_callable()
  File "/home/airflow/.local/lib/python3.7/site-packages/airflow/operators/python.py", line 192, in execute_callable
    return self.python_callable(*self.op_args, **self.op_kwargs)
  File "/opt/airflow/dags/music_recommendation_retraining.py", line 37, in load_and_preprocess_data
    df['artist_genres'] = df['artist_genres'].apply(parse_genres)
NameError: name 'parse_genres' is not defined
[2024-09-30T09:25:36.050+0000] {taskinstance.py:1323} INFO - Marking task as UP_FOR_RETRY. dag_id=music_recommendation_system, task_id=load_and_preprocess_data, execution_date=20240930T092434, start_date=20240930T092535, end_date=20240930T092536
[2024-09-30T09:25:36.058+0000] {logging_mixin.py:137} INFO - Exception: Traceback (most recent call last):
  File "/home/***/.local/lib/python3.7/site-packages/***/models/taskinstance.py", line 1374, in _run_raw_task
    self._execute_task_with_callbacks(context, test_mode)
  File "/home/***/.local/lib/python3.7/site-packages/***/models/taskinstance.py", line 1520, in _execute_task_with_callbacks
    result = self._execute_task(context, task_orig)
  File "/home/***/.local/lib/python3.7/site-packages/***/models/taskinstance.py", line 1581, in _execute_task
    result = execute_callable(context=context)
  File "/home/***/.local/lib/python3.7/site-packages/***/operators/python.py", line 175, in execute
    return_value = self.execute_callable()
  File "/home/***/.local/lib/python3.7/site-packages/***/operators/python.py", line 192, in execute_callable
    return self.python_callable(*self.op_args, **self.op_kwargs)
  File "/opt/***/dags/music_recommendation_retraining.py", line 37, in load_and_preprocess_data
    df['artist_genres'] = df['artist_genres'].apply(parse_genres)
NameError: name 'parse_genres' is not defined

During handling of the above exception, another exception occurred:

Traceback (most recent call last):
  File "/home/***/.local/lib/python3.7/site-packages/datahub_***_plugin/datahub_plugin_v22.py", line 279, in custom_on_retry_callback
    context, status=InstanceRunResult.UP_FOR_RETRY
  File "/home/***/.local/lib/python3.7/site-packages/datahub_***_plugin/datahub_plugin_v22.py", line 105, in datahub_task_status_callback
    DatahubGenericHook(config.datahub_conn_id).get_underlying_hook().make_emitter()
  File "/home/***/.local/lib/python3.7/site-packages/datahub_***_plugin/hooks/datahub.py", line 255, in get_underlying_hook
    conn = self.get_connection(self.datahub_conn_id)
  File "/home/***/.local/lib/python3.7/site-packages/***/hooks/base.py", line 72, in get_connection
    conn = Connection.get_connection_from_secrets(conn_id)
  File "/home/***/.local/lib/python3.7/site-packages/***/models/connection.py", line 435, in get_connection_from_secrets
    raise AirflowNotFoundException(f"The conn_id `{conn_id}` isn't defined")
***.exceptions.AirflowNotFoundException: The conn_id `datahub_rest_default` isn't defined
[2024-09-30T09:25:36.074+0000] {standard_task_runner.py:105} ERROR - Failed to execute job 35 for task load_and_preprocess_data (name 'parse_genres' is not defined; 926)
[2024-09-30T09:25:36.120+0000] {local_task_job.py:208} INFO - Task exited with return code 1
[2024-09-30T09:25:36.148+0000] {taskinstance.py:2578} INFO - 0 downstream tasks scheduled from follow-on schedule check
