[2024-09-30T10:33:01.265+0000] {taskinstance.py:1083} INFO - Dependencies all met for <TaskInstance: music_recommendation_system.create_user_genre_matrix scheduled__2024-09-30T10:31:49.538372+00:00 [queued]>
[2024-09-30T10:33:01.297+0000] {taskinstance.py:1083} INFO - Dependencies all met for <TaskInstance: music_recommendation_system.create_user_genre_matrix scheduled__2024-09-30T10:31:49.538372+00:00 [queued]>
[2024-09-30T10:33:01.297+0000] {taskinstance.py:1279} INFO - 
--------------------------------------------------------------------------------
[2024-09-30T10:33:01.298+0000] {taskinstance.py:1280} INFO - Starting attempt 1 of 2
[2024-09-30T10:33:01.299+0000] {taskinstance.py:1281} INFO - 
--------------------------------------------------------------------------------
[2024-09-30T10:33:01.333+0000] {taskinstance.py:1300} INFO - Executing <Task(PythonOperator): create_user_genre_matrix> on 2024-09-30 10:31:49.538372+00:00
[2024-09-30T10:33:01.356+0000] {standard_task_runner.py:55} INFO - Started process 2578 to run task
[2024-09-30T10:33:01.367+0000] {standard_task_runner.py:82} INFO - Running: ['***', 'tasks', 'run', 'music_recommendation_system', 'create_user_genre_matrix', 'scheduled__2024-09-30T10:31:49.538372+00:00', '--job-id', '323', '--raw', '--subdir', 'DAGS_FOLDER/music_recommendation_retraining.py', '--cfg-path', '/tmp/tmpjyq38fje']
[2024-09-30T10:33:01.370+0000] {standard_task_runner.py:83} INFO - Job 323: Subtask create_user_genre_matrix
[2024-09-30T10:33:01.417+0000] {logging_mixin.py:137} WARNING - /home/***/.local/lib/python3.7/site-packages/***/settings.py:249 DeprecationWarning: The sql_alchemy_conn option in [core] has been moved to the sql_alchemy_conn option in [database] - the old setting has been used, but please update your config.
[2024-09-30T10:33:01.459+0000] {logging_mixin.py:137} WARNING - /home/***/.local/lib/python3.7/site-packages/***/utils/sqlalchemy.py:124 DeprecationWarning: The sql_alchemy_conn option in [core] has been moved to the sql_alchemy_conn option in [database] - the old setting has been used, but please update your config.
[2024-09-30T10:33:01.545+0000] {task_command.py:388} INFO - Running <TaskInstance: music_recommendation_system.create_user_genre_matrix scheduled__2024-09-30T10:31:49.538372+00:00 [running]> on host 1adfe0f4f205
[2024-09-30T10:33:01.704+0000] {taskinstance.py:1509} INFO - Exporting the following env vars:
AIRFLOW_CTX_DAG_OWNER=***
AIRFLOW_CTX_DAG_ID=music_recommendation_system
AIRFLOW_CTX_TASK_ID=create_user_genre_matrix
AIRFLOW_CTX_EXECUTION_DATE=2024-09-30T10:31:49.538372+00:00
AIRFLOW_CTX_TRY_NUMBER=1
AIRFLOW_CTX_DAG_RUN_ID=scheduled__2024-09-30T10:31:49.538372+00:00
[2024-09-30T10:33:27.647+0000] {local_task_job.py:112} ERROR - Received SIGTERM. Terminating subprocesses
[2024-09-30T10:33:27.677+0000] {process_utils.py:133} INFO - Sending Signals.SIGTERM to group 2578. PIDs of all processes in the group: [2578]
[2024-09-30T10:33:27.678+0000] {process_utils.py:84} INFO - Sending the signal Signals.SIGTERM to group 2578
[2024-09-30T10:33:27.685+0000] {taskinstance.py:1479} ERROR - Received SIGTERM. Terminating subprocesses.
[2024-09-30T10:33:27.714+0000] {taskinstance.py:1768} ERROR - Task failed with exception
Traceback (most recent call last):
  File "/home/airflow/.local/lib/python3.7/site-packages/airflow/operators/python.py", line 175, in execute
    return_value = self.execute_callable()
  File "/home/airflow/.local/lib/python3.7/site-packages/airflow/operators/python.py", line 192, in execute_callable
    return self.python_callable(*self.op_args, **self.op_kwargs)
  File "/opt/airflow/dags/music_recommendation_retraining.py", line 81, in create_user_genre_matrix_task
    user_genre_matrix = create_user_genre_matrix(df, all_genres)
  File "/opt/airflow/dags/music_recommendation_retraining.py", line 24, in create_user_genre_matrix
    tracks_with_genre = df[df['artist_genres'].apply(lambda x: genre in x)]
  File "/home/airflow/.local/lib/python3.7/site-packages/pandas/core/frame.py", line 3449, in __getitem__
    return self._getitem_bool_array(key)
  File "/home/airflow/.local/lib/python3.7/site-packages/pandas/core/frame.py", line 3504, in _getitem_bool_array
    return self._take_with_is_copy(indexer, axis=0)
  File "/home/airflow/.local/lib/python3.7/site-packages/pandas/core/generic.py", line 3628, in _take_with_is_copy
    result = self.take(indices=indices, axis=axis)
  File "/home/airflow/.local/lib/python3.7/site-packages/pandas/core/generic.py", line 3616, in take
    indices, axis=self._get_block_manager_axis(axis), verify=True
  File "/home/airflow/.local/lib/python3.7/site-packages/pandas/core/internals/managers.py", line 870, in take
    consolidate=False,
  File "/home/airflow/.local/lib/python3.7/site-packages/pandas/core/internals/managers.py", line 688, in reindex_indexer
    for blk in self.blocks
  File "/home/airflow/.local/lib/python3.7/site-packages/pandas/core/internals/managers.py", line 688, in <listcomp>
    for blk in self.blocks
  File "/home/airflow/.local/lib/python3.7/site-packages/pandas/core/internals/blocks.py", line 1145, in take_nd
    values, indexer, axis=axis, allow_fill=allow_fill, fill_value=fill_value
  File "/home/airflow/.local/lib/python3.7/site-packages/pandas/core/array_algos/take.py", line 108, in take_nd
    return _take_nd_ndarray(arr, indexer, axis, fill_value, allow_fill)
  File "/home/airflow/.local/lib/python3.7/site-packages/pandas/core/array_algos/take.py", line 126, in _take_nd_ndarray
    arr, indexer, fill_value, allow_fill
  File "/home/airflow/.local/lib/python3.7/site-packages/pandas/core/array_algos/take.py", line 534, in _take_preprocess_indexer_and_fill_value
    mask = indexer == -1
  File "/home/airflow/.local/lib/python3.7/site-packages/airflow/models/taskinstance.py", line 1481, in signal_handler
    raise AirflowException("Task received SIGTERM signal")
airflow.exceptions.AirflowException: Task received SIGTERM signal
[2024-09-30T10:33:27.763+0000] {taskinstance.py:1323} INFO - Marking task as UP_FOR_RETRY. dag_id=music_recommendation_system, task_id=create_user_genre_matrix, execution_date=20240930T103149, start_date=20240930T103301, end_date=20240930T103327
[2024-09-30T10:33:27.792+0000] {logging_mixin.py:137} INFO - Exception: Traceback (most recent call last):
  File "/home/***/.local/lib/python3.7/site-packages/***/models/taskinstance.py", line 1374, in _run_raw_task
    self._execute_task_with_callbacks(context, test_mode)
  File "/home/***/.local/lib/python3.7/site-packages/***/models/taskinstance.py", line 1520, in _execute_task_with_callbacks
    result = self._execute_task(context, task_orig)
  File "/home/***/.local/lib/python3.7/site-packages/***/models/taskinstance.py", line 1581, in _execute_task
    result = execute_callable(context=context)
  File "/home/***/.local/lib/python3.7/site-packages/***/operators/python.py", line 175, in execute
    return_value = self.execute_callable()
  File "/home/***/.local/lib/python3.7/site-packages/***/operators/python.py", line 192, in execute_callable
    return self.python_callable(*self.op_args, **self.op_kwargs)
  File "/opt/***/dags/music_recommendation_retraining.py", line 81, in create_user_genre_matrix_task
    user_genre_matrix = create_user_genre_matrix(df, all_genres)
  File "/opt/***/dags/music_recommendation_retraining.py", line 24, in create_user_genre_matrix
    tracks_with_genre = df[df['artist_genres'].apply(lambda x: genre in x)]
  File "/home/***/.local/lib/python3.7/site-packages/pandas/core/frame.py", line 3449, in __getitem__
    return self._getitem_bool_array(key)
  File "/home/***/.local/lib/python3.7/site-packages/pandas/core/frame.py", line 3504, in _getitem_bool_array
    return self._take_with_is_copy(indexer, axis=0)
  File "/home/***/.local/lib/python3.7/site-packages/pandas/core/generic.py", line 3628, in _take_with_is_copy
    result = self.take(indices=indices, axis=axis)
  File "/home/***/.local/lib/python3.7/site-packages/pandas/core/generic.py", line 3616, in take
    indices, axis=self._get_block_manager_axis(axis), verify=True
  File "/home/***/.local/lib/python3.7/site-packages/pandas/core/internals/managers.py", line 870, in take
    consolidate=False,
  File "/home/***/.local/lib/python3.7/site-packages/pandas/core/internals/managers.py", line 688, in reindex_indexer
    for blk in self.blocks
  File "/home/***/.local/lib/python3.7/site-packages/pandas/core/internals/managers.py", line 688, in <listcomp>
    for blk in self.blocks
  File "/home/***/.local/lib/python3.7/site-packages/pandas/core/internals/blocks.py", line 1145, in take_nd
    values, indexer, axis=axis, allow_fill=allow_fill, fill_value=fill_value
  File "/home/***/.local/lib/python3.7/site-packages/pandas/core/array_algos/take.py", line 108, in take_nd
    return _take_nd_ndarray(arr, indexer, axis, fill_value, allow_fill)
  File "/home/***/.local/lib/python3.7/site-packages/pandas/core/array_algos/take.py", line 126, in _take_nd_ndarray
    arr, indexer, fill_value, allow_fill
  File "/home/***/.local/lib/python3.7/site-packages/pandas/core/array_algos/take.py", line 534, in _take_preprocess_indexer_and_fill_value
    mask = indexer == -1
  File "/home/***/.local/lib/python3.7/site-packages/***/models/taskinstance.py", line 1481, in signal_handler
    raise AirflowException("Task received SIGTERM signal")
***.exceptions.AirflowException: Task received SIGTERM signal

During handling of the above exception, another exception occurred:

Traceback (most recent call last):
  File "/home/***/.local/lib/python3.7/site-packages/datahub_***_plugin/datahub_plugin_v22.py", line 279, in custom_on_retry_callback
    context, status=InstanceRunResult.UP_FOR_RETRY
  File "/home/***/.local/lib/python3.7/site-packages/datahub_***_plugin/datahub_plugin_v22.py", line 105, in datahub_task_status_callback
    DatahubGenericHook(config.datahub_conn_id).get_underlying_hook().make_emitter()
  File "/home/***/.local/lib/python3.7/site-packages/datahub_***_plugin/hooks/datahub.py", line 255, in get_underlying_hook
    conn = self.get_connection(self.datahub_conn_id)
  File "/home/***/.local/lib/python3.7/site-packages/***/hooks/base.py", line 72, in get_connection
    conn = Connection.get_connection_from_secrets(conn_id)
  File "/home/***/.local/lib/python3.7/site-packages/***/models/connection.py", line 435, in get_connection_from_secrets
    raise AirflowNotFoundException(f"The conn_id `{conn_id}` isn't defined")
***.exceptions.AirflowNotFoundException: The conn_id `datahub_rest_default` isn't defined
[2024-09-30T10:33:27.823+0000] {standard_task_runner.py:105} ERROR - Failed to execute job 323 for task create_user_genre_matrix (Task received SIGTERM signal; 2578)
[2024-09-30T10:33:27.866+0000] {process_utils.py:79} INFO - Process psutil.Process(pid=2578, status='terminated', exitcode=1, started='10:33:01') (2578) terminated with exit code 1
[2024-09-30T10:33:27.867+0000] {local_task_job.py:208} INFO - Task exited with return code 143
[2024-09-30T10:33:27.922+0000] {taskinstance.py:2578} INFO - 0 downstream tasks scheduled from follow-on schedule check
[2024-09-30T10:33:30.483+0000] {local_task_job.py:112} ERROR - Received SIGTERM. Terminating subprocesses
[2024-09-30T10:33:30.484+0000] {local_task_job.py:208} INFO - Task exited with return code 143
